<?xml version="1.0" encoding="UTF-8"?>
<!-- Generated by org.testng.reporters.JUnitReportReporter -->
<testsuite hostname="DESKTOP-7S7LCUO" failures="0" tests="1" name="com.swag_labs.tests.Demo" time="2.042" errors="0" timestamp="2025-04-08T21:08:13 IST" skipped="0">
  <testcase classname="com.swag_labs.tests.Demo" name="test1" time="2.042"/>
</testsuite> <!-- com.swag_labs.tests.Demo -->
